<?xml version="1.0" encoding="UTF-8"?>
<!-- Generated by org.testng.reporters.JUnitXMLReporter -->
<testsuite ignored="0" hostname="paralleldots-HP-Laptop-15q-ds0xxx" failures="0" tests="2" name="Default test" time="15.584" errors="0" timestamp="2019-10-15T13:27:46 IST">
  <testcase classname="TestShelfWatch.TestShelfWatch.ExcelTest" name="readExcel" time="0.127"/>
  <testcase classname="TestShelfWatch.TestShelfWatch.ShelfWatch" name="projectsCheck" time="15.431"/>
</testsuite> <!-- Default test -->
