<?xml version="1.0" encoding="UTF-8"?>
<testng-results ignored="0" total="2" passed="2" failed="0" skipped="0">
  <reporter-output>
  </reporter-output>
  <suite started-at="2019-10-15T13:27:31 IST" name="Default suite" finished-at="2019-10-15T13:27:46 IST" duration-ms="15584">
    <groups>
    </groups>
    <test started-at="2019-10-15T13:27:31 IST" name="Default test" finished-at="2019-10-15T13:27:46 IST" duration-ms="15584">
      <class name="TestShelfWatch.TestShelfWatch.ShelfWatch">
        <test-method signature="readExcel()[pri:0, instance:TestShelfWatch.TestShelfWatch.ShelfWatch@49bd54f7]" started-at="2019-10-15T13:27:31 IST" name="readExcel" finished-at="2019-10-15T13:27:31 IST" duration-ms="127" status="PASS">
          <reporter-output>
          </reporter-output>
        </test-method> <!-- readExcel -->
        <test-method signature="projectsCheck()[pri:0, instance:TestShelfWatch.TestShelfWatch.ShelfWatch@49bd54f7]" started-at="2019-10-15T13:27:31 IST" name="projectsCheck" finished-at="2019-10-15T13:27:46 IST" duration-ms="15431" status="PASS">
          <reporter-output>
          </reporter-output>
        </test-method> <!-- projectsCheck -->
      </class> <!-- TestShelfWatch.TestShelfWatch.ShelfWatch -->
    </test> <!-- Default test -->
  </suite> <!-- Default suite -->
</testng-results>
